<?xml version="1.0" encoding="UTF-8"?>
<!-- Generated by org.testng.reporters.JUnitXMLReporter -->
<testsuite ignored="0" hostname="LAPTOP-KJBUO1S7" failures="1" tests="1" name="Test" time="20.641" errors="0" timestamp="2021-08-01T14:23:08 IST">
  <testcase classname="com.TDDFramework.Test.LoginTest" name="verify_loginTest" time="10.612">
    <failure type="java.lang.AssertionError" message="expected [true] but found [false]">
      <![CDATA[java.lang.AssertionError: expected [true] but found [false]
at com.TDDFramework.Test.LoginTest.verify_loginTest(LoginTest.java:28)
at java.base/java.util.ArrayList.forEach(ArrayList.java:1511)
... Removed 31 stack frames]]>
    </failure>
  </testcase> <!-- verify_loginTest -->
</testsuite> <!-- Test -->
